Using pre-set license
Built from '2020.3/staging' branch; Version is '2020.3.16f1 (049d6eca3c44) revision 302446'; Using compiler version '192528614'; Build Type 'Release'
OS: 'Windows 10 Home; OS build 19042.1165; Version 2009; 64bit' Language: 'es' Physical Memory: 16166 MB
BatchMode: 1, IsHumanControllingUs: 0, StartBugReporterOnCrash: 0, Is64bit: 1, IsPro: 0

 COMMAND LINE ARGUMENTS:
D:\2021-2\Videojuegos Aliciciones moviles\unyty\2020.3.16f1\Editor\Unity.exe
-adb2
-batchMode
-noUpm
-name
AssetImportWorker0
-projectPath
D:/2021-2/Videojuegos Aliciciones moviles/Proyectos/MiPrimerJuego
-logFile
Logs/AssetImportWorker0.log
-srvPort
57289
Successfully changed project path to: D:/2021-2/Videojuegos Aliciciones moviles/Proyectos/MiPrimerJuego
D:/2021-2/Videojuegos Aliciciones moviles/Proyectos/MiPrimerJuego
Using Asset Import Pipeline V2.
Refreshing native plugins compatible for Editor in 52.27 ms, found 3 plugins.
Preloading 0 native plugins for Editor in 0.00 ms.
Initialize engine version: 2020.3.16f1 (049d6eca3c44)
[Subsystems] Discovering subsystems at path D:/2021-2/Videojuegos Aliciciones moviles/unyty/2020.3.16f1/Editor/Data/Resources/UnitySubsystems
[Subsystems] Discovering subsystems at path D:/2021-2/Videojuegos Aliciciones moviles/Proyectos/MiPrimerJuego/Assets
GfxDevice: creating device client; threaded=0
Direct3D:
    Version:  Direct3D 11.0 [level 11.1]
    Renderer: NVIDIA GeForce RTX 2070 with Max-Q Design (ID=0x1f14)
    Vendor:   
    VRAM:     8031 MB
    Driver:   27.21.14.5763
Initialize mono
Mono path[0] = 'D:/2021-2/Videojuegos Aliciciones moviles/unyty/2020.3.16f1/Editor/Data/Managed'
Mono path[1] = 'D:/2021-2/Videojuegos Aliciciones moviles/unyty/2020.3.16f1/Editor/Data/MonoBleedingEdge/lib/mono/unityjit'
Mono config path = 'D:/2021-2/Videojuegos Aliciciones moviles/unyty/2020.3.16f1/Editor/Data/MonoBleedingEdge/etc'
Using monoOptions --debugger-agent=transport=dt_socket,embedding=1,server=y,suspend=n,address=127.0.0.1:56540
Begin MonoManager ReloadAssembly
Registering precompiled unity dll's ...
Register platform support module: D:/2021-2/Videojuegos Aliciciones moviles/unyty/2020.3.16f1/Editor/Data/PlaybackEngines/WebGLSupport/UnityEditor.WebGL.Extensions.dll
Register platform support module: D:/2021-2/Videojuegos Aliciciones moviles/unyty/2020.3.16f1/Editor/Data/PlaybackEngines/WindowsStandaloneSupport/UnityEditor.WindowsStandalone.Extensions.dll
Registered in 0.001467 seconds.
Native extension for WindowsStandalone target not found
Native extension for WebGL target not found
Refreshing native plugins compatible for Editor in 53.99 ms, found 3 plugins.
Preloading 0 native plugins for Editor in 0.00 ms.
Mono: successfully reloaded assembly
- Completed reload, in  1.120 seconds
Domain Reload Profiling:
	ReloadAssembly (1120ms)
		BeginReloadAssembly (62ms)
			ExecutionOrderSort (0ms)
			DisableScriptedObjects (0ms)
			BackupInstance (0ms)
			ReleaseScriptingObjects (0ms)
			CreateAndSetChildDomain (1ms)
		EndReloadAssembly (520ms)
			LoadAssemblies (61ms)
			RebuildTransferFunctionScriptingTraits (0ms)
			SetupTypeCache (190ms)
			ReleaseScriptCaches (0ms)
			RebuildScriptCaches (38ms)
			SetupLoadedEditorAssemblies (211ms)
				LogAssemblyErrors (0ms)
				InitializePlatformSupportModulesInManaged (6ms)
				SetLoadedEditorAssemblies (0ms)
				RefreshPlugins (54ms)
				BeforeProcessingInitializeOnLoad (13ms)
				ProcessInitializeOnLoadAttributes (102ms)
				ProcessInitializeOnLoadMethodAttributes (36ms)
				AfterProcessingInitializeOnLoad (0ms)
				EditorAssembliesLoaded (0ms)
			ExecutionOrderSort2 (0ms)
			AwakeInstancesAfterBackupRestoration (0ms)
Platform modules already initialized, skipping
Registering precompiled user dll's ...
Registered in 0.003233 seconds.
Begin MonoManager ReloadAssembly
Native extension for WindowsStandalone target not found
Native extension for WebGL target not found
Refreshing native plugins compatible for Editor in 53.32 ms, found 3 plugins.
Preloading 0 native plugins for Editor in 0.00 ms.
Mono: successfully reloaded assembly
- Completed reload, in  1.467 seconds
Domain Reload Profiling:
	ReloadAssembly (1468ms)
		BeginReloadAssembly (175ms)
			ExecutionOrderSort (0ms)
			DisableScriptedObjects (6ms)
			BackupInstance (0ms)
			ReleaseScriptingObjects (0ms)
			CreateAndSetChildDomain (21ms)
		EndReloadAssembly (1223ms)
			LoadAssemblies (105ms)
			RebuildTransferFunctionScriptingTraits (0ms)
			SetupTypeCache (387ms)
			ReleaseScriptCaches (0ms)
			RebuildScriptCaches (63ms)
			SetupLoadedEditorAssemblies (510ms)
				LogAssemblyErrors (0ms)
				InitializePlatformSupportModulesInManaged (6ms)
				SetLoadedEditorAssemblies (0ms)
				RefreshPlugins (53ms)
				BeforeProcessingInitializeOnLoad (78ms)
				ProcessInitializeOnLoadAttributes (354ms)
				ProcessInitializeOnLoadMethodAttributes (16ms)
				AfterProcessingInitializeOnLoad (3ms)
				EditorAssembliesLoaded (0ms)
			ExecutionOrderSort2 (0ms)
			AwakeInstancesAfterBackupRestoration (9ms)
Platform modules already initialized, skipping
========================================================================
Worker process is ready to serve import requests
Launched and connected shader compiler UnityShaderCompiler.exe after 0.09 seconds
Refreshing native plugins compatible for Editor in 0.53 ms, found 3 plugins.
Preloading 0 native plugins for Editor in 0.00 ms.
Unloading 2091 Unused Serialized files (Serialized files now loaded: 0)
System memory in use before: 93.0 MB.
System memory in use after: 93.1 MB.

Unloading 28 unused Assets to reduce memory usage. Loaded Objects now: 2528.
Total: 4.186200 ms (FindLiveObjects: 0.273700 ms CreateObjectMapping: 0.112200 ms MarkObjects: 3.724100 ms  DeleteObjects: 0.075100 ms)

AssetImportParameters requested are different than current active one (requested -> active):
  custom:framework-win-MediaFoundation: 216162199b28c13a410421893ffa2e32 -> 
  custom:video-decoder-ogg-theora: a1e56fd34408186e4bbccfd4996cb3dc -> 
  custom:container-muxer-webm: aa71ff27fc2769a1b78a27578f13a17b -> 
  custom:container-demuxer-webm: 4f35f7cbe854078d1ac9338744f61a02 -> 
  custom:container-demuxer-ogg: 62fdf1f143b41e24485cea50d1cbac27 -> 
  custom:video-encoder-webm-vp8: eb34c28f22e8b96e1ab97ce403110664 -> 
  custom:video-codec-MediaFoundation-h265: 746d11721c4dcdbdad8f713fa42b33f4 -> 
  custom:video-decoder-webm-vp8: 9c59270c3fd7afecdb556c50c9e8de78 -> 
  custom:audio-decoder-ogg-vorbis: bf7c407c2cedff20999df2af8eb42d56 -> 
  custom:audio-encoder-webm-vorbis: bf7c407c2cedff20999df2af8eb42d56 -> 
========================================================================
Received Import Request.
  path: Assets/png/Hurt (2).png
  artifactKey: Guid(b8157d9b40c1c0449bfd1cb505cbfa7a) Importer(815301076,1909f56bfc062723c751e8b465ee728b)
Start importing Assets/png/Hurt (2).png using Guid(b8157d9b40c1c0449bfd1cb505cbfa7a) Importer(815301076,1909f56bfc062723c751e8b465ee728b)  -> (artifact id: '8e7ea0f2f87c0687c287c74146c03ecd') in 0.278076 seconds 
  Import took 0.282410 seconds .

========================================================================
Received Import Request.
  Time since last request: 0.000334 seconds.
  path: Assets/png/Dead (9).png
  artifactKey: Guid(53fbbdf46daa01f459dfb60b528eade2) Importer(815301076,1909f56bfc062723c751e8b465ee728b)
Start importing Assets/png/Dead (9).png using Guid(53fbbdf46daa01f459dfb60b528eade2) Importer(815301076,1909f56bfc062723c751e8b465ee728b)  -> (artifact id: '0139d3611cc2bdd5b7a3849775c19866') in 0.020992 seconds 
  Import took 0.025424 seconds .

========================================================================
Received Import Request.
  Time since last request: 0.000328 seconds.
  path: Assets/png/Idle (4).png
  artifactKey: Guid(e4991c3754c043c42a5cb980934ba875) Importer(815301076,1909f56bfc062723c751e8b465ee728b)
Start importing Assets/png/Idle (4).png using Guid(e4991c3754c043c42a5cb980934ba875) Importer(815301076,1909f56bfc062723c751e8b465ee728b)  -> (artifact id: '0370357ce8d2b2fc8f8cdec4da34971f') in 0.018605 seconds 
  Import took 0.022797 seconds .

========================================================================
Received Import Request.
  Time since last request: 0.000387 seconds.
  path: Assets/png/Dead (8).png
  artifactKey: Guid(024741672ebcd0a488e9ee6df8522655) Importer(815301076,1909f56bfc062723c751e8b465ee728b)
Start importing Assets/png/Dead (8).png using Guid(024741672ebcd0a488e9ee6df8522655) Importer(815301076,1909f56bfc062723c751e8b465ee728b)  -> (artifact id: 'af42376eeb773fa96da3c19cc2dc3a08') in 0.026612 seconds 
  Import took 0.030784 seconds .

========================================================================
Received Import Request.
  Time since last request: 0.000330 seconds.
  path: Assets/png/Jump (2).png
  artifactKey: Guid(aaadab413cedab948b43f51c0e8ae921) Importer(815301076,1909f56bfc062723c751e8b465ee728b)
Start importing Assets/png/Jump (2).png using Guid(aaadab413cedab948b43f51c0e8ae921) Importer(815301076,1909f56bfc062723c751e8b465ee728b)  -> (artifact id: '9fd47fadba4d7c4fdc0c4491dbb55d46') in 0.019612 seconds 
  Import took 0.023935 seconds .

========================================================================
Received Import Request.
  Time since last request: 0.000379 seconds.
  path: Assets/png/Jump (12).png
  artifactKey: Guid(8343489d0c8e04647a6ed6d5ccd3e17a) Importer(815301076,1909f56bfc062723c751e8b465ee728b)
Start importing Assets/png/Jump (12).png using Guid(8343489d0c8e04647a6ed6d5ccd3e17a) Importer(815301076,1909f56bfc062723c751e8b465ee728b)  -> (artifact id: '1bc7b941fb60d5f47f073c182da52a52') in 0.019496 seconds 
  Import took 0.023969 seconds .

========================================================================
Received Import Request.
  Time since last request: 0.000279 seconds.
  path: Assets/png/Run (5).png
  artifactKey: Guid(ec5ed9d3a02cd554ea158923707fd8f6) Importer(815301076,1909f56bfc062723c751e8b465ee728b)
Start importing Assets/png/Run (5).png using Guid(ec5ed9d3a02cd554ea158923707fd8f6) Importer(815301076,1909f56bfc062723c751e8b465ee728b)  -> (artifact id: '3c1d483029884b8e461ae95053329977') in 0.021399 seconds 
  Import took 0.025798 seconds .

========================================================================
Received Import Request.
  Time since last request: 0.000302 seconds.
  path: Assets/png/Dead (1).png
  artifactKey: Guid(e20e4e6c2a96b4e48bb115602028df63) Importer(815301076,1909f56bfc062723c751e8b465ee728b)
Start importing Assets/png/Dead (1).png using Guid(e20e4e6c2a96b4e48bb115602028df63) Importer(815301076,1909f56bfc062723c751e8b465ee728b)  -> (artifact id: 'bd215aec5c0270930c40b2ebe7ec9ca5') in 0.021260 seconds 
  Import took 0.025402 seconds .

========================================================================
Received Import Request.
  Time since last request: 0.000306 seconds.
  path: Assets/png/Dead (7).png
  artifactKey: Guid(088a28d47c124e444bfe6424f5c9a12a) Importer(815301076,1909f56bfc062723c751e8b465ee728b)
Start importing Assets/png/Dead (7).png using Guid(088a28d47c124e444bfe6424f5c9a12a) Importer(815301076,1909f56bfc062723c751e8b465ee728b)  -> (artifact id: 'fc3035f47f8a1b9346002b8930fe272b') in 0.019501 seconds 
  Import took 0.023864 seconds .

========================================================================
Received Import Request.
  Time since last request: 0.000289 seconds.
  path: Assets/png/Idle (10).png
  artifactKey: Guid(0ad2c7fd84933c24082819ffb9937166) Importer(815301076,1909f56bfc062723c751e8b465ee728b)
Start importing Assets/png/Idle (10).png using Guid(0ad2c7fd84933c24082819ffb9937166) Importer(815301076,1909f56bfc062723c751e8b465ee728b)  -> (artifact id: '1eeb84506541816b436167b7639d766a') in 0.022520 seconds 
  Import took 0.026825 seconds .

========================================================================
Received Import Request.
  Time since last request: 0.000324 seconds.
  path: Assets/png/Dead (6).png
  artifactKey: Guid(0bfefc4f62702ab439ad684aca2f3ed0) Importer(815301076,1909f56bfc062723c751e8b465ee728b)
Start importing Assets/png/Dead (6).png using Guid(0bfefc4f62702ab439ad684aca2f3ed0) Importer(815301076,1909f56bfc062723c751e8b465ee728b)  -> (artifact id: 'f4c553881bfb84067918023bf7adfe1c') in 0.020014 seconds 
  Import took 0.024251 seconds .

========================================================================
Received Import Request.
  Time since last request: 0.000317 seconds.
  path: Assets/png/Idle (2).png
  artifactKey: Guid(032697b6154cc9c419dd934e24bf6466) Importer(815301076,1909f56bfc062723c751e8b465ee728b)
Start importing Assets/png/Idle (2).png using Guid(032697b6154cc9c419dd934e24bf6466) Importer(815301076,1909f56bfc062723c751e8b465ee728b)  -> (artifact id: '008fdf8c018e298e325dd0a9d82aa4a8') in 0.018426 seconds 
  Import took 0.022350 seconds .

========================================================================
Received Import Request.
  Time since last request: 0.000314 seconds.
  path: Assets/png/Hurt (4).png
  artifactKey: Guid(a395b60462f734443a42e16cf5095e47) Importer(815301076,1909f56bfc062723c751e8b465ee728b)
Start importing Assets/png/Hurt (4).png using Guid(a395b60462f734443a42e16cf5095e47) Importer(815301076,1909f56bfc062723c751e8b465ee728b)  -> (artifact id: '5dddcb41f6ae6b8f50c1368a798788a4') in 0.021843 seconds 
  Import took 0.025728 seconds .

========================================================================
Received Import Request.
  Time since last request: 0.000249 seconds.
  path: Assets/png/Hurt (8).png
  artifactKey: Guid(c4be739821b529748bf1edb93ec72d55) Importer(815301076,1909f56bfc062723c751e8b465ee728b)
Start importing Assets/png/Hurt (8).png using Guid(c4be739821b529748bf1edb93ec72d55) Importer(815301076,1909f56bfc062723c751e8b465ee728b)  -> (artifact id: 'ef9a1504ad05e03944202c673d95f342') in 0.018589 seconds 
  Import took 0.022469 seconds .

========================================================================
Received Import Request.
  Time since last request: 0.000276 seconds.
  path: Assets/png/Dead (5).png
  artifactKey: Guid(0d1137ff8d6fecf47be7f72035711d47) Importer(815301076,1909f56bfc062723c751e8b465ee728b)
Start importing Assets/png/Dead (5).png using Guid(0d1137ff8d6fecf47be7f72035711d47) Importer(815301076,1909f56bfc062723c751e8b465ee728b)  -> (artifact id: 'db018a7e19aeea95ff01ae79159c528f') in 0.020030 seconds 
  Import took 0.024098 seconds .

========================================================================
Received Import Request.
  Time since last request: 0.000329 seconds.
  path: Assets/png/Dead (4).png
  artifactKey: Guid(12a34e33870388645ac085bdebf756d8) Importer(815301076,1909f56bfc062723c751e8b465ee728b)
Start importing Assets/png/Dead (4).png using Guid(12a34e33870388645ac085bdebf756d8) Importer(815301076,1909f56bfc062723c751e8b465ee728b)  -> (artifact id: 'a1667f930cd25e399a44648c4cd5d9d8') in 0.020043 seconds 
  Import took 0.024236 seconds .

========================================================================
Received Import Request.
  Time since last request: 0.000288 seconds.
  path: Assets/png/Idle (3).png
  artifactKey: Guid(a9edb12a903887942b87442e376c0afd) Importer(815301076,1909f56bfc062723c751e8b465ee728b)
Start importing Assets/png/Idle (3).png using Guid(a9edb12a903887942b87442e376c0afd) Importer(815301076,1909f56bfc062723c751e8b465ee728b)  -> (artifact id: '4714b1784f8d98ed882787ba8220e461') in 0.018304 seconds 
  Import took 0.022139 seconds .

========================================================================
Received Import Request.
  Time since last request: 0.000273 seconds.
  path: Assets/png/Idle (9).png
  artifactKey: Guid(cd4bf842762c9304394872fff902ec38) Importer(815301076,1909f56bfc062723c751e8b465ee728b)
Start importing Assets/png/Idle (9).png using Guid(cd4bf842762c9304394872fff902ec38) Importer(815301076,1909f56bfc062723c751e8b465ee728b)  -> (artifact id: 'aebe2717e474bb28bfb9726e7113b835') in 0.018373 seconds 
  Import took 0.023283 seconds .

========================================================================
Received Import Request.
  Time since last request: 0.000380 seconds.
  path: Assets/png/Run (4).png
  artifactKey: Guid(6af00a73be8381f468165433dfca1550) Importer(815301076,1909f56bfc062723c751e8b465ee728b)
Start importing Assets/png/Run (4).png using Guid(6af00a73be8381f468165433dfca1550) Importer(815301076,1909f56bfc062723c751e8b465ee728b)  -> (artifact id: '08c0a40d41b40e50814a47cd980b6e3e') in 0.017719 seconds 
  Import took 0.021801 seconds .

========================================================================
Received Import Request.
  Time since last request: 0.000249 seconds.
  path: Assets/png
  artifactKey: Guid(1691d7fd91cb1534f8fbb9f48e780d68) Importer(815301076,1909f56bfc062723c751e8b465ee728b)
Start importing Assets/png using Guid(1691d7fd91cb1534f8fbb9f48e780d68) Importer(815301076,1909f56bfc062723c751e8b465ee728b)  -> (artifact id: '0badc99958f8039ec4601c1181baa1e6') in 0.006841 seconds 
  Import took 0.010819 seconds .

========================================================================
Received Import Request.
  Time since last request: 0.000338 seconds.
  path: Assets/png/Hurt (3).png
  artifactKey: Guid(ab3f050c6a511b2478bab0d45bbfa282) Importer(815301076,1909f56bfc062723c751e8b465ee728b)
Start importing Assets/png/Hurt (3).png using Guid(ab3f050c6a511b2478bab0d45bbfa282) Importer(815301076,1909f56bfc062723c751e8b465ee728b)  -> (artifact id: '46719c2daad9e495db6b871c2cb9d148') in 0.019404 seconds 
  Import took 0.023382 seconds .

========================================================================
Received Import Request.
  Time since last request: 0.000248 seconds.
  path: Assets/png/Jump (11).png
  artifactKey: Guid(4db6631a4dcc995459fba4272208bc83) Importer(815301076,1909f56bfc062723c751e8b465ee728b)
Start importing Assets/png/Jump (11).png using Guid(4db6631a4dcc995459fba4272208bc83) Importer(815301076,1909f56bfc062723c751e8b465ee728b)  -> (artifact id: '8ebd79f234d8db1a3bd37b97f5518588') in 0.017045 seconds 
  Import took 0.021734 seconds .

========================================================================
Received Import Request.
  Time since last request: 0.000387 seconds.
  path: Assets/png/Run (3).png
  artifactKey: Guid(b7179975e0a304840990c3dc18c2aebe) Importer(815301076,1909f56bfc062723c751e8b465ee728b)
Start importing Assets/png/Run (3).png using Guid(b7179975e0a304840990c3dc18c2aebe) Importer(815301076,1909f56bfc062723c751e8b465ee728b)  -> (artifact id: '26d4be743ae63feb1c41290d35fa964c') in 0.018864 seconds 
  Import took 0.023072 seconds .

========================================================================
Received Import Request.
  Time since last request: 0.000306 seconds.
  path: Assets/png/Run (8).png
  artifactKey: Guid(cc5fef8ab9c8f29448dbc610421aa2bc) Importer(815301076,1909f56bfc062723c751e8b465ee728b)
Start importing Assets/png/Run (8).png using Guid(cc5fef8ab9c8f29448dbc610421aa2bc) Importer(815301076,1909f56bfc062723c751e8b465ee728b)  -> (artifact id: '80ced598a01fe008f81f6f126758abad') in 0.017435 seconds 
  Import took 0.021418 seconds .

========================================================================
Received Import Request.
  Time since last request: 0.000282 seconds.
  path: Assets/png/Run (7).png
  artifactKey: Guid(65ed4545f07c8fc43bb0c5841cfe73d7) Importer(815301076,1909f56bfc062723c751e8b465ee728b)
Start importing Assets/png/Run (7).png using Guid(65ed4545f07c8fc43bb0c5841cfe73d7) Importer(815301076,1909f56bfc062723c751e8b465ee728b)  -> (artifact id: 'cd2a9067f95f1039372f0bc07dbf3e01') in 0.018659 seconds 
  Import took 0.022655 seconds .

========================================================================
Received Import Request.
  Time since last request: 0.000280 seconds.
  path: Assets/png/Jump (10).png
  artifactKey: Guid(91256d4b2ed39054c962e0c7bb5e8323) Importer(815301076,1909f56bfc062723c751e8b465ee728b)
Start importing Assets/png/Jump (10).png using Guid(91256d4b2ed39054c962e0c7bb5e8323) Importer(815301076,1909f56bfc062723c751e8b465ee728b)  -> (artifact id: '0f46f9b492867133c8c1e92c55c456c3') in 0.018992 seconds 
  Import took 0.022952 seconds .

========================================================================
Received Import Request.
  Time since last request: 0.000237 seconds.
  path: Assets/png/Jump (8).png
  artifactKey: Guid(ac0efba95a3d4864f8935b47dd6af985) Importer(815301076,1909f56bfc062723c751e8b465ee728b)
Start importing Assets/png/Jump (8).png using Guid(ac0efba95a3d4864f8935b47dd6af985) Importer(815301076,1909f56bfc062723c751e8b465ee728b)  -> (artifact id: 'e00c1e390d32e6f459ba4e4b0e105e7f') in 0.017481 seconds 
  Import took 0.021563 seconds .

========================================================================
Received Import Request.
  Time since last request: 0.000378 seconds.
  path: Assets/png/Slide (1).png
  artifactKey: Guid(507f58cf6c2cdb7439acf452754f6a4b) Importer(815301076,1909f56bfc062723c751e8b465ee728b)
Start importing Assets/png/Slide (1).png using Guid(507f58cf6c2cdb7439acf452754f6a4b) Importer(815301076,1909f56bfc062723c751e8b465ee728b)  -> (artifact id: '47fff5c8a038eb6e46eb207df815892a') in 0.018055 seconds 
  Import took 0.022625 seconds .

========================================================================
Received Import Request.
  Time since last request: 0.000282 seconds.
  path: Assets/png/Hurt (7).png
  artifactKey: Guid(a5d6a6672aafc3341ab4c96343f7abe6) Importer(815301076,1909f56bfc062723c751e8b465ee728b)
Start importing Assets/png/Hurt (7).png using Guid(a5d6a6672aafc3341ab4c96343f7abe6) Importer(815301076,1909f56bfc062723c751e8b465ee728b)  -> (artifact id: '4ab73c0fa96c0564f2daa1ca5c6dda41') in 0.017952 seconds 
  Import took 0.022122 seconds .

========================================================================
Received Import Request.
  Time since last request: 0.000313 seconds.
  path: Assets/png/Jump (6).png
  artifactKey: Guid(66038c7e94117c14c8082052480e3c1b) Importer(815301076,1909f56bfc062723c751e8b465ee728b)
Start importing Assets/png/Jump (6).png using Guid(66038c7e94117c14c8082052480e3c1b) Importer(815301076,1909f56bfc062723c751e8b465ee728b)  -> (artifact id: '30fc22c862a4250b7bf141ae3b06285e') in 0.017291 seconds 
  Import took 0.021332 seconds .

========================================================================
Received Import Request.
  Time since last request: 0.000319 seconds.
  path: Assets/png/Idle (1).png
  artifactKey: Guid(42379197a21380445b3a642b29c213a7) Importer(815301076,1909f56bfc062723c751e8b465ee728b)
Start importing Assets/png/Idle (1).png using Guid(42379197a21380445b3a642b29c213a7) Importer(815301076,1909f56bfc062723c751e8b465ee728b)  -> (artifact id: '808ae30ae47c95d48cc3fa7745fd5307') in 0.018745 seconds 
  Import took 0.023284 seconds .

========================================================================
Received Import Request.
  Time since last request: 0.000270 seconds.
  path: Assets/png/Idle (5).png
  artifactKey: Guid(5611b1750bb594e499b862de8928dac2) Importer(815301076,1909f56bfc062723c751e8b465ee728b)
Start importing Assets/png/Idle (5).png using Guid(5611b1750bb594e499b862de8928dac2) Importer(815301076,1909f56bfc062723c751e8b465ee728b)  -> (artifact id: '96229b974e89fe1f739284f7c3972d93') in 0.018395 seconds 
  Import took 0.022238 seconds .

========================================================================
Received Import Request.
  Time since last request: 0.000290 seconds.
  path: Assets/png/Jump (5).png
  artifactKey: Guid(97fc0c6656d004e4ea7a3dc297959c28) Importer(815301076,1909f56bfc062723c751e8b465ee728b)
Start importing Assets/png/Jump (5).png using Guid(97fc0c6656d004e4ea7a3dc297959c28) Importer(815301076,1909f56bfc062723c751e8b465ee728b)  -> (artifact id: '85c9c78642596454d146f019ac5bf1c5') in 0.022312 seconds 
  Import took 0.026187 seconds .

========================================================================
Received Import Request.
  Time since last request: 0.000273 seconds.
  path: Assets/png/Dead (3).png
  artifactKey: Guid(55a2b6f9f28a4e44daf62f19c18a80c2) Importer(815301076,1909f56bfc062723c751e8b465ee728b)
Start importing Assets/png/Dead (3).png using Guid(55a2b6f9f28a4e44daf62f19c18a80c2) Importer(815301076,1909f56bfc062723c751e8b465ee728b)  -> (artifact id: '75a539002934f5ec7afcc108789ff5dc') in 0.017107 seconds 
  Import took 0.021011 seconds .

========================================================================
Received Import Request.
  Time since last request: 0.000262 seconds.
  path: Assets/png/Idle (6).png
  artifactKey: Guid(b0dedf2c8cd7f6943ba1d36840bbde56) Importer(815301076,1909f56bfc062723c751e8b465ee728b)
Start importing Assets/png/Idle (6).png using Guid(b0dedf2c8cd7f6943ba1d36840bbde56) Importer(815301076,1909f56bfc062723c751e8b465ee728b)  -> (artifact id: '5e39d5cb4fec211a2c1c0e8c7d187df1') in 0.020250 seconds 
  Import took 0.024319 seconds .

========================================================================
Received Import Request.
  Time since last request: 0.000349 seconds.
  path: Assets/png/Hurt (1).png
  artifactKey: Guid(90b2541c03b1fe54fa4593f4f0837458) Importer(815301076,1909f56bfc062723c751e8b465ee728b)
Start importing Assets/png/Hurt (1).png using Guid(90b2541c03b1fe54fa4593f4f0837458) Importer(815301076,1909f56bfc062723c751e8b465ee728b)  -> (artifact id: 'ed81916b6fdaf8870f073bfc242bbdde') in 0.017773 seconds 
  Import took 0.021728 seconds .

========================================================================
Received Import Request.
  Time since last request: 0.000283 seconds.
  path: Assets/png/Hurt (5).png
  artifactKey: Guid(b93e53b372e79b244a5afcb0889c85ab) Importer(815301076,1909f56bfc062723c751e8b465ee728b)
Start importing Assets/png/Hurt (5).png using Guid(b93e53b372e79b244a5afcb0889c85ab) Importer(815301076,1909f56bfc062723c751e8b465ee728b)  -> (artifact id: 'cd364a5276c51a45d52ec5749137ab7d') in 0.020508 seconds 
  Import took 0.024511 seconds .

========================================================================
Received Import Request.
  Time since last request: 0.000223 seconds.
  path: Assets/png/Idle (8).png
  artifactKey: Guid(69b88d10bd184ed4889ead14ccc7b353) Importer(815301076,1909f56bfc062723c751e8b465ee728b)
Start importing Assets/png/Idle (8).png using Guid(69b88d10bd184ed4889ead14ccc7b353) Importer(815301076,1909f56bfc062723c751e8b465ee728b)  -> (artifact id: '453719c845b5dc23c336a96319657b50') in 0.019391 seconds 
  Import took 0.024082 seconds .

========================================================================
Received Import Request.
  Time since last request: 0.000395 seconds.
  path: Assets/png/Run (1).png
  artifactKey: Guid(e5d7020f34082414e970a138154fb83c) Importer(815301076,1909f56bfc062723c751e8b465ee728b)
Start importing Assets/png/Run (1).png using Guid(e5d7020f34082414e970a138154fb83c) Importer(815301076,1909f56bfc062723c751e8b465ee728b)  -> (artifact id: '30e8ab1b17c6c30fde2f0878bd048e70') in 0.020517 seconds 
  Import took 0.024438 seconds .

========================================================================
Received Import Request.
  Time since last request: 0.000315 seconds.
  path: Assets/png/Hurt (6).png
  artifactKey: Guid(83ba6feba089d194a9bf18454afa38b0) Importer(815301076,1909f56bfc062723c751e8b465ee728b)
Start importing Assets/png/Hurt (6).png using Guid(83ba6feba089d194a9bf18454afa38b0) Importer(815301076,1909f56bfc062723c751e8b465ee728b)  -> (artifact id: '3f705866277ad6e800d3daa50ad1e675') in 0.019068 seconds 
  Import took 0.023300 seconds .

========================================================================
Received Import Request.
  Time since last request: 0.000291 seconds.
  path: Assets/png/Run (2).png
  artifactKey: Guid(cf309ddbadecef945bf9e2c2ecd51923) Importer(815301076,1909f56bfc062723c751e8b465ee728b)
Start importing Assets/png/Run (2).png using Guid(cf309ddbadecef945bf9e2c2ecd51923) Importer(815301076,1909f56bfc062723c751e8b465ee728b)  -> (artifact id: 'c1ae739e19e4f53962333733f6c91c5b') in 0.017696 seconds 
  Import took 0.021626 seconds .

========================================================================
Received Import Request.
  Time since last request: 0.000300 seconds.
  path: Assets/png/Jump (3).png
  artifactKey: Guid(fc79c8c2068a738488d65b001b22d2e2) Importer(815301076,1909f56bfc062723c751e8b465ee728b)
Start importing Assets/png/Jump (3).png using Guid(fc79c8c2068a738488d65b001b22d2e2) Importer(815301076,1909f56bfc062723c751e8b465ee728b)  -> (artifact id: 'd965c4be2ef60d8d02c46feb6fc38b43') in 0.017662 seconds 
  Import took 0.021672 seconds .

========================================================================
Received Import Request.
  Time since last request: 0.000251 seconds.
  path: Assets/png/Jump (1).png
  artifactKey: Guid(ba23c45e32e023949877f9916dd2d172) Importer(815301076,1909f56bfc062723c751e8b465ee728b)
Start importing Assets/png/Jump (1).png using Guid(ba23c45e32e023949877f9916dd2d172) Importer(815301076,1909f56bfc062723c751e8b465ee728b)  -> (artifact id: '72da2c5040fd8ad8cee28756fdb28133') in 0.017921 seconds 
  Import took 0.022090 seconds .

========================================================================
Received Import Request.
  Time since last request: 0.000315 seconds.
  path: Assets/png/Jump (7).png
  artifactKey: Guid(b5ebb56b022f0d04f814166f92f376cc) Importer(815301076,1909f56bfc062723c751e8b465ee728b)
Start importing Assets/png/Jump (7).png using Guid(b5ebb56b022f0d04f814166f92f376cc) Importer(815301076,1909f56bfc062723c751e8b465ee728b)  -> (artifact id: '37925c610cfaae6480fb96ed68011cd1') in 0.017265 seconds 
  Import took 0.021131 seconds .

========================================================================
Received Import Request.
  Time since last request: 0.000282 seconds.
  path: Assets/png/Jump (9).png
  artifactKey: Guid(c8602811235d0a448bd7a7155ded0b20) Importer(815301076,1909f56bfc062723c751e8b465ee728b)
Start importing Assets/png/Jump (9).png using Guid(c8602811235d0a448bd7a7155ded0b20) Importer(815301076,1909f56bfc062723c751e8b465ee728b)  -> (artifact id: 'c210325e1ea6b3d0ffe7a758a800660a') in 0.018033 seconds 
  Import took 0.021951 seconds .

========================================================================
Received Import Request.
  Time since last request: 0.000248 seconds.
  path: Assets/png/Jump (4).png
  artifactKey: Guid(6f910a3d4b3888740ba3a99174313c5f) Importer(815301076,1909f56bfc062723c751e8b465ee728b)
Start importing Assets/png/Jump (4).png using Guid(6f910a3d4b3888740ba3a99174313c5f) Importer(815301076,1909f56bfc062723c751e8b465ee728b)  -> (artifact id: '1e4c1f9460a2f990dc03a8260f3d9b39') in 0.024969 seconds 
  Import took 0.029473 seconds .

========================================================================
Received Import Request.
  Time since last request: 0.000255 seconds.
  path: Assets/png/Idle (7).png
  artifactKey: Guid(a5fbfff38713d334c8cbdfef10c21973) Importer(815301076,1909f56bfc062723c751e8b465ee728b)
Start importing Assets/png/Idle (7).png using Guid(a5fbfff38713d334c8cbdfef10c21973) Importer(815301076,1909f56bfc062723c751e8b465ee728b)  -> (artifact id: '2787a3a60f293bab8c87b85d31b9a0c7') in 0.016566 seconds 
  Import took 0.020525 seconds .

========================================================================
Received Import Request.
  Time since last request: 0.000321 seconds.
  path: Assets/png/Dead (2).png
  artifactKey: Guid(29c241c6231b3864e8347fa984eabb30) Importer(815301076,1909f56bfc062723c751e8b465ee728b)
Start importing Assets/png/Dead (2).png using Guid(29c241c6231b3864e8347fa984eabb30) Importer(815301076,1909f56bfc062723c751e8b465ee728b)  -> (artifact id: '7f7137fc02ca58ff8e39ebce0de12cb9') in 0.018483 seconds 
  Import took 0.022735 seconds .

========================================================================
Received Import Request.
  Time since last request: 0.000280 seconds.
  path: Assets/png/Dead (10).png
  artifactKey: Guid(74f32c9fea18a2640b5ed580ab5ed039) Importer(815301076,1909f56bfc062723c751e8b465ee728b)
Start importing Assets/png/Dead (10).png using Guid(74f32c9fea18a2640b5ed580ab5ed039) Importer(815301076,1909f56bfc062723c751e8b465ee728b)  -> (artifact id: 'eed2521065a45ca19098cea5d4ce57c8') in 0.018333 seconds 
  Import took 0.022034 seconds .

========================================================================
Received Import Request.
  Time since last request: 0.000274 seconds.
  path: Assets/png/Run (6).png
  artifactKey: Guid(0eeeee82c23262044ab7901cee5c3240) Importer(815301076,1909f56bfc062723c751e8b465ee728b)
Start importing Assets/png/Run (6).png using Guid(0eeeee82c23262044ab7901cee5c3240) Importer(815301076,1909f56bfc062723c751e8b465ee728b)  -> (artifact id: '9af5bc27a5f786a60a28c026f8d99e57') in 0.019771 seconds 
  Import took 0.023618 seconds .

========================================================================
Received Import Request.
  Time since last request: 88.579754 seconds.
  path: Assets/Sprites
  artifactKey: Guid(230c298554855554dbade14be947bd2c) Importer(815301076,1909f56bfc062723c751e8b465ee728b)
Start importing Assets/Sprites using Guid(230c298554855554dbade14be947bd2c) Importer(815301076,1909f56bfc062723c751e8b465ee728b)  -> (artifact id: '5dc3132ab53967583eac683469a862ca') in 0.006574 seconds 
  Import took 0.010679 seconds .

========================================================================
Received Import Request.
  Time since last request: 0.003652 seconds.
  path: Assets/Sprites
  artifactKey: Guid(230c298554855554dbade14be947bd2c) Importer(815301076,1909f56bfc062723c751e8b465ee728b)
Start importing Assets/Sprites using Guid(230c298554855554dbade14be947bd2c) Importer(815301076,1909f56bfc062723c751e8b465ee728b)  -> (artifact id: '5dc3132ab53967583eac683469a862ca') in 0.001888 seconds 
  Import took 0.005968 seconds .

========================================================================
Received Import Request.
  Time since last request: 11929.446976 seconds.
  path: Assets/Sprites/png/Slide (2).png
  artifactKey: Guid(f1e43adb4493e1843add282bc775cd99) Importer(815301076,1909f56bfc062723c751e8b465ee728b)
Start importing Assets/Sprites/png/Slide (2).png using Guid(f1e43adb4493e1843add282bc775cd99) Importer(815301076,1909f56bfc062723c751e8b465ee728b)  -> (artifact id: '75cec1d5db5dbcd6db0c3e8363220489') in 0.054881 seconds 
  Import took 0.061282 seconds .

========================================================================
Received Import Request.
  Time since last request: 0.000133 seconds.
  path: Assets/Sprites/png/Slide (5).png
  artifactKey: Guid(49155b219c1477a4586f425d79e68be7) Importer(815301076,1909f56bfc062723c751e8b465ee728b)
Start importing Assets/Sprites/png/Slide (5).png using Guid(49155b219c1477a4586f425d79e68be7) Importer(815301076,1909f56bfc062723c751e8b465ee728b)  -> (artifact id: '6d1d2a8fda12b812467a3bc111c19c0e') in 0.020372 seconds 
  Import took 0.023432 seconds .

========================================================================
Received Import Request.
  Time since last request: 0.000296 seconds.
  path: Assets/Sprites/png/Slide (4).png
  artifactKey: Guid(68a162c647e4e0145aab3a27a6f66740) Importer(815301076,1909f56bfc062723c751e8b465ee728b)
Start importing Assets/Sprites/png/Slide (4).png using Guid(68a162c647e4e0145aab3a27a6f66740) Importer(815301076,1909f56bfc062723c751e8b465ee728b)  -> (artifact id: '723b5203ff8d0b910bb73aa3c9aefba9') in 0.020662 seconds 
  Import took 0.024122 seconds .

========================================================================
Received Import Request.
  Time since last request: 0.000139 seconds.
  path: Assets/Sprites/png/Slide (3).png
  artifactKey: Guid(3bdc566ddcd6f1549ae7d6a1099f43e3) Importer(815301076,1909f56bfc062723c751e8b465ee728b)
Start importing Assets/Sprites/png/Slide (3).png using Guid(3bdc566ddcd6f1549ae7d6a1099f43e3) Importer(815301076,1909f56bfc062723c751e8b465ee728b)  -> (artifact id: '9039b2c8d69148abe350eb5686acbcbb') in 0.025489 seconds 
  Import took 0.028710 seconds .

========================================================================
Received Prepare
Registering precompiled user dll's ...
Registered in 0.133018 seconds.
Begin MonoManager ReloadAssembly
Native extension for WindowsStandalone target not found
Native extension for WebGL target not found
Refreshing native plugins compatible for Editor in 0.38 ms, found 3 plugins.
Preloading 0 native plugins for Editor in 0.00 ms.
Mono: successfully reloaded assembly
- Completed reload, in  0.952 seconds
Domain Reload Profiling:
	ReloadAssembly (952ms)
		BeginReloadAssembly (104ms)
			ExecutionOrderSort (0ms)
			DisableScriptedObjects (5ms)
			BackupInstance (0ms)
			ReleaseScriptingObjects (0ms)
			CreateAndSetChildDomain (43ms)
		EndReloadAssembly (797ms)
			LoadAssemblies (74ms)
			RebuildTransferFunctionScriptingTraits (0ms)
			SetupTypeCache (259ms)
			ReleaseScriptCaches (1ms)
			RebuildScriptCaches (36ms)
			SetupLoadedEditorAssemblies (343ms)
				LogAssemblyErrors (0ms)
				InitializePlatformSupportModulesInManaged (4ms)
				SetLoadedEditorAssemblies (0ms)
				RefreshPlugins (0ms)
				BeforeProcessingInitializeOnLoad (42ms)
				ProcessInitializeOnLoadAttributes (290ms)
				ProcessInitializeOnLoadMethodAttributes (4ms)
				AfterProcessingInitializeOnLoad (2ms)
				EditorAssembliesLoaded (0ms)
			ExecutionOrderSort2 (0ms)
			AwakeInstancesAfterBackupRestoration (9ms)
Platform modules already initialized, skipping
Refreshing native plugins compatible for Editor in 0.46 ms, found 3 plugins.
Preloading 0 native plugins for Editor in 0.00 ms.
Unloading 2081 Unused Serialized files (Serialized files now loaded: 0)
System memory in use before: 95.5 MB.
System memory in use after: 95.6 MB.

Unloading 16 unused Assets to reduce memory usage. Loaded Objects now: 2537.
Total: 2.456200 ms (FindLiveObjects: 0.162500 ms CreateObjectMapping: 0.061800 ms MarkObjects: 2.217600 ms  DeleteObjects: 0.013700 ms)

AssetImportParameters requested are different than current active one (requested -> active):
  custom:framework-win-MediaFoundation: 216162199b28c13a410421893ffa2e32 -> 
  custom:video-decoder-ogg-theora: a1e56fd34408186e4bbccfd4996cb3dc -> 
  custom:container-muxer-webm: aa71ff27fc2769a1b78a27578f13a17b -> 
  custom:container-demuxer-webm: 4f35f7cbe854078d1ac9338744f61a02 -> 
  custom:container-demuxer-ogg: 62fdf1f143b41e24485cea50d1cbac27 -> 
  custom:video-encoder-webm-vp8: eb34c28f22e8b96e1ab97ce403110664 -> 
  custom:video-codec-MediaFoundation-h265: 746d11721c4dcdbdad8f713fa42b33f4 -> 
  custom:video-decoder-webm-vp8: 9c59270c3fd7afecdb556c50c9e8de78 -> 
  custom:audio-decoder-ogg-vorbis: bf7c407c2cedff20999df2af8eb42d56 -> 
  custom:audio-encoder-webm-vorbis: bf7c407c2cedff20999df2af8eb42d56 -> 
========================================================================
Received Prepare
Registering precompiled user dll's ...
Registered in 0.002218 seconds.
Begin MonoManager ReloadAssembly
Native extension for WindowsStandalone target not found
Native extension for WebGL target not found
Refreshing native plugins compatible for Editor in 0.44 ms, found 3 plugins.
Preloading 0 native plugins for Editor in 0.00 ms.
Mono: successfully reloaded assembly
- Completed reload, in  0.829 seconds
Domain Reload Profiling:
	ReloadAssembly (829ms)
		BeginReloadAssembly (84ms)
			ExecutionOrderSort (0ms)
			DisableScriptedObjects (5ms)
			BackupInstance (0ms)
			ReleaseScriptingObjects (0ms)
			CreateAndSetChildDomain (27ms)
		EndReloadAssembly (701ms)
			LoadAssemblies (68ms)
			RebuildTransferFunctionScriptingTraits (0ms)
			SetupTypeCache (230ms)
			ReleaseScriptCaches (1ms)
			RebuildScriptCaches (34ms)
			SetupLoadedEditorAssemblies (286ms)
				LogAssemblyErrors (0ms)
				InitializePlatformSupportModulesInManaged (4ms)
				SetLoadedEditorAssemblies (0ms)
				RefreshPlugins (0ms)
				BeforeProcessingInitializeOnLoad (43ms)
				ProcessInitializeOnLoadAttributes (231ms)
				ProcessInitializeOnLoadMethodAttributes (4ms)
				AfterProcessingInitializeOnLoad (3ms)
				EditorAssembliesLoaded (0ms)
			ExecutionOrderSort2 (0ms)
			AwakeInstancesAfterBackupRestoration (8ms)
Platform modules already initialized, skipping
Refreshing native plugins compatible for Editor in 0.38 ms, found 3 plugins.
Preloading 0 native plugins for Editor in 0.00 ms.
Unloading 2081 Unused Serialized files (Serialized files now loaded: 0)
System memory in use before: 95.5 MB.
System memory in use after: 95.6 MB.

Unloading 16 unused Assets to reduce memory usage. Loaded Objects now: 2540.
Total: 2.441100 ms (FindLiveObjects: 0.164600 ms CreateObjectMapping: 0.075200 ms MarkObjects: 2.184800 ms  DeleteObjects: 0.015300 ms)

AssetImportParameters requested are different than current active one (requested -> active):
  custom:framework-win-MediaFoundation: 216162199b28c13a410421893ffa2e32 -> 
  custom:video-decoder-ogg-theora: a1e56fd34408186e4bbccfd4996cb3dc -> 
  custom:container-muxer-webm: aa71ff27fc2769a1b78a27578f13a17b -> 
  custom:container-demuxer-webm: 4f35f7cbe854078d1ac9338744f61a02 -> 
  custom:container-demuxer-ogg: 62fdf1f143b41e24485cea50d1cbac27 -> 
  custom:video-encoder-webm-vp8: eb34c28f22e8b96e1ab97ce403110664 -> 
  custom:video-codec-MediaFoundation-h265: 746d11721c4dcdbdad8f713fa42b33f4 -> 
  custom:video-decoder-webm-vp8: 9c59270c3fd7afecdb556c50c9e8de78 -> 
  custom:audio-decoder-ogg-vorbis: bf7c407c2cedff20999df2af8eb42d56 -> 
  custom:audio-encoder-webm-vorbis: bf7c407c2cedff20999df2af8eb42d56 -> 
========================================================================
Received Prepare
Registering precompiled user dll's ...
Registered in 0.002066 seconds.
Begin MonoManager ReloadAssembly
Native extension for WindowsStandalone target not found
Native extension for WebGL target not found
Refreshing native plugins compatible for Editor in 0.39 ms, found 3 plugins.
Preloading 0 native plugins for Editor in 0.00 ms.
Mono: successfully reloaded assembly
- Completed reload, in  0.832 seconds
Domain Reload Profiling:
	ReloadAssembly (832ms)
		BeginReloadAssembly (85ms)
			ExecutionOrderSort (0ms)
			DisableScriptedObjects (5ms)
			BackupInstance (0ms)
			ReleaseScriptingObjects (0ms)
			CreateAndSetChildDomain (28ms)
		EndReloadAssembly (701ms)
			LoadAssemblies (66ms)
			RebuildTransferFunctionScriptingTraits (0ms)
			SetupTypeCache (230ms)
			ReleaseScriptCaches (1ms)
			RebuildScriptCaches (34ms)
			SetupLoadedEditorAssemblies (285ms)
				LogAssemblyErrors (0ms)
				InitializePlatformSupportModulesInManaged (5ms)
				SetLoadedEditorAssemblies (0ms)
				RefreshPlugins (0ms)
				BeforeProcessingInitializeOnLoad (45ms)
				ProcessInitializeOnLoadAttributes (228ms)
				ProcessInitializeOnLoadMethodAttributes (4ms)
				AfterProcessingInitializeOnLoad (2ms)
				EditorAssembliesLoaded (0ms)
			ExecutionOrderSort2 (0ms)
			AwakeInstancesAfterBackupRestoration (9ms)
Platform modules already initialized, skipping
Refreshing native plugins compatible for Editor in 0.37 ms, found 3 plugins.
Preloading 0 native plugins for Editor in 0.00 ms.
Unloading 2081 Unused Serialized files (Serialized files now loaded: 0)
System memory in use before: 95.5 MB.
System memory in use after: 95.6 MB.

Unloading 16 unused Assets to reduce memory usage. Loaded Objects now: 2543.
Total: 2.496800 ms (FindLiveObjects: 0.163500 ms CreateObjectMapping: 0.067100 ms MarkObjects: 2.249800 ms  DeleteObjects: 0.015700 ms)

AssetImportParameters requested are different than current active one (requested -> active):
  custom:framework-win-MediaFoundation: 216162199b28c13a410421893ffa2e32 -> 
  custom:video-decoder-ogg-theora: a1e56fd34408186e4bbccfd4996cb3dc -> 
  custom:container-muxer-webm: aa71ff27fc2769a1b78a27578f13a17b -> 
  custom:container-demuxer-webm: 4f35f7cbe854078d1ac9338744f61a02 -> 
  custom:container-demuxer-ogg: 62fdf1f143b41e24485cea50d1cbac27 -> 
  custom:video-encoder-webm-vp8: eb34c28f22e8b96e1ab97ce403110664 -> 
  custom:video-codec-MediaFoundation-h265: 746d11721c4dcdbdad8f713fa42b33f4 -> 
  custom:video-decoder-webm-vp8: 9c59270c3fd7afecdb556c50c9e8de78 -> 
  custom:audio-decoder-ogg-vorbis: bf7c407c2cedff20999df2af8eb42d56 -> 
  custom:audio-encoder-webm-vorbis: bf7c407c2cedff20999df2af8eb42d56 -> 
========================================================================
Received Import Request.
  Time since last request: 97.742150 seconds.
  path: Assets/animacion/Run (1).controller
  artifactKey: Guid(9415326039384f646b5ef0012378295a) Importer(815301076,1909f56bfc062723c751e8b465ee728b)
Start importing Assets/animacion/Run (1).controller using Guid(9415326039384f646b5ef0012378295a) Importer(815301076,1909f56bfc062723c751e8b465ee728b)  -> (artifact id: 'd155dbc50858c0ccafd0ef3e66802199') in 0.016376 seconds 
  Import took 0.019270 seconds .

========================================================================
Received Import Request.
  Time since last request: 14.750344 seconds.
  path: Assets/animacion/personaje.anim
  artifactKey: Guid(97ed5be4f58df3d4b8a82dee47672961) Importer(815301076,1909f56bfc062723c751e8b465ee728b)
Start importing Assets/animacion/personaje.anim using Guid(97ed5be4f58df3d4b8a82dee47672961) Importer(815301076,1909f56bfc062723c751e8b465ee728b)  -> (artifact id: 'c8a8ca2f408c1036ce1b68da04084aa7') in 0.006816 seconds 
  Import took 0.009911 seconds .

========================================================================
Received Import Request.
  Time since last request: 171.077101 seconds.
  path: Assets/Sprites/Square.png
  artifactKey: Guid(465c5f7ddf65dca4488fa7a6b8c85a8a) Importer(815301076,1909f56bfc062723c751e8b465ee728b)
Start importing Assets/Sprites/Square.png using Guid(465c5f7ddf65dca4488fa7a6b8c85a8a) Importer(815301076,1909f56bfc062723c751e8b465ee728b)  -> (artifact id: 'ff8032911abb32a66b6ec45fc2139683') in 0.040051 seconds 
  Import took 0.042995 seconds .

========================================================================
Received Import Request.
  Time since last request: 274.555774 seconds.
  path: Assets/animacion/Run (1).controller
  artifactKey: Guid(9415326039384f646b5ef0012378295a) Importer(815301076,1909f56bfc062723c751e8b465ee728b)
Start importing Assets/animacion/Run (1).controller using Guid(9415326039384f646b5ef0012378295a) Importer(815301076,1909f56bfc062723c751e8b465ee728b)  -> (artifact id: '8ed363f579e07b4c24e8935f49deb8b6') in 0.002745 seconds 
  Import took 0.006156 seconds .

========================================================================
Received Import Request.
  Time since last request: 0.000935 seconds.
  path: Assets/animacion/Run (1).controller
  artifactKey: Guid(9415326039384f646b5ef0012378295a) Importer(815301076,1909f56bfc062723c751e8b465ee728b)
Start importing Assets/animacion/Run (1).controller using Guid(9415326039384f646b5ef0012378295a) Importer(815301076,1909f56bfc062723c751e8b465ee728b)  -> (artifact id: '8ed363f579e07b4c24e8935f49deb8b6') in 0.001913 seconds 
  Import took 0.004837 seconds .

========================================================================
Received Prepare
Registering precompiled user dll's ...
Registered in 0.002190 seconds.
Begin MonoManager ReloadAssembly
Native extension for WindowsStandalone target not found
Native extension for WebGL target not found
Refreshing native plugins compatible for Editor in 0.38 ms, found 3 plugins.
Preloading 0 native plugins for Editor in 0.00 ms.
Mono: successfully reloaded assembly
- Completed reload, in  0.863 seconds
Domain Reload Profiling:
	ReloadAssembly (863ms)
		BeginReloadAssembly (93ms)
			ExecutionOrderSort (0ms)
			DisableScriptedObjects (5ms)
			BackupInstance (0ms)
			ReleaseScriptingObjects (0ms)
			CreateAndSetChildDomain (33ms)
		EndReloadAssembly (723ms)
			LoadAssemblies (70ms)
			RebuildTransferFunctionScriptingTraits (0ms)
			SetupTypeCache (241ms)
			ReleaseScriptCaches (1ms)
			RebuildScriptCaches (35ms)
			SetupLoadedEditorAssemblies (295ms)
				LogAssemblyErrors (0ms)
				InitializePlatformSupportModulesInManaged (5ms)
				SetLoadedEditorAssemblies (0ms)
				RefreshPlugins (0ms)
				BeforeProcessingInitializeOnLoad (45ms)
				ProcessInitializeOnLoadAttributes (239ms)
				ProcessInitializeOnLoadMethodAttributes (4ms)
				AfterProcessingInitializeOnLoad (2ms)
				EditorAssembliesLoaded (0ms)
			ExecutionOrderSort2 (0ms)
			AwakeInstancesAfterBackupRestoration (8ms)
Platform modules already initialized, skipping
Refreshing native plugins compatible for Editor in 0.37 ms, found 3 plugins.
Preloading 0 native plugins for Editor in 0.00 ms.
Unloading 2081 Unused Serialized files (Serialized files now loaded: 0)
System memory in use before: 95.6 MB.
System memory in use after: 95.7 MB.

Unloading 16 unused Assets to reduce memory usage. Loaded Objects now: 2549.
Total: 2.530800 ms (FindLiveObjects: 0.172900 ms CreateObjectMapping: 0.066600 ms MarkObjects: 2.257300 ms  DeleteObjects: 0.033200 ms)

AssetImportParameters requested are different than current active one (requested -> active):
  custom:framework-win-MediaFoundation: 216162199b28c13a410421893ffa2e32 -> 
  custom:video-decoder-ogg-theora: a1e56fd34408186e4bbccfd4996cb3dc -> 
  custom:container-muxer-webm: aa71ff27fc2769a1b78a27578f13a17b -> 
  custom:container-demuxer-webm: 4f35f7cbe854078d1ac9338744f61a02 -> 
  custom:container-demuxer-ogg: 62fdf1f143b41e24485cea50d1cbac27 -> 
  custom:video-encoder-webm-vp8: eb34c28f22e8b96e1ab97ce403110664 -> 
  custom:video-codec-MediaFoundation-h265: 746d11721c4dcdbdad8f713fa42b33f4 -> 
  custom:video-decoder-webm-vp8: 9c59270c3fd7afecdb556c50c9e8de78 -> 
  custom:audio-decoder-ogg-vorbis: bf7c407c2cedff20999df2af8eb42d56 -> 
  custom:audio-encoder-webm-vorbis: bf7c407c2cedff20999df2af8eb42d56 -> 
========================================================================
Received Prepare
Registering precompiled user dll's ...
Registered in 0.002264 seconds.
Begin MonoManager ReloadAssembly
Native extension for WindowsStandalone target not found
Native extension for WebGL target not found
Refreshing native plugins compatible for Editor in 0.51 ms, found 3 plugins.
Preloading 0 native plugins for Editor in 0.00 ms.
Mono: successfully reloaded assembly
- Completed reload, in  0.964 seconds
Domain Reload Profiling:
	ReloadAssembly (965ms)
		BeginReloadAssembly (99ms)
			ExecutionOrderSort (0ms)
			DisableScriptedObjects (6ms)
			BackupInstance (0ms)
			ReleaseScriptingObjects (0ms)
			CreateAndSetChildDomain (36ms)
		EndReloadAssembly (812ms)
			LoadAssemblies (77ms)
			RebuildTransferFunctionScriptingTraits (0ms)
			SetupTypeCache (276ms)
			ReleaseScriptCaches (1ms)
			RebuildScriptCaches (42ms)
			SetupLoadedEditorAssemblies (317ms)
				LogAssemblyErrors (0ms)
				InitializePlatformSupportModulesInManaged (5ms)
				SetLoadedEditorAssemblies (0ms)
				RefreshPlugins (1ms)
				BeforeProcessingInitializeOnLoad (50ms)
				ProcessInitializeOnLoadAttributes (254ms)
				ProcessInitializeOnLoadMethodAttributes (5ms)
				AfterProcessingInitializeOnLoad (2ms)
				EditorAssembliesLoaded (0ms)
			ExecutionOrderSort2 (0ms)
			AwakeInstancesAfterBackupRestoration (11ms)
Platform modules already initialized, skipping
Refreshing native plugins compatible for Editor in 0.48 ms, found 3 plugins.
Preloading 0 native plugins for Editor in 0.00 ms.
Unloading 2081 Unused Serialized files (Serialized files now loaded: 0)
System memory in use before: 95.6 MB.
System memory in use after: 95.7 MB.

Unloading 16 unused Assets to reduce memory usage. Loaded Objects now: 2552.
Total: 3.115800 ms (FindLiveObjects: 0.238700 ms CreateObjectMapping: 0.110300 ms MarkObjects: 2.750100 ms  DeleteObjects: 0.015800 ms)

AssetImportParameters requested are different than current active one (requested -> active):
  custom:framework-win-MediaFoundation: 216162199b28c13a410421893ffa2e32 -> 
  custom:video-decoder-ogg-theora: a1e56fd34408186e4bbccfd4996cb3dc -> 
  custom:container-muxer-webm: aa71ff27fc2769a1b78a27578f13a17b -> 
  custom:container-demuxer-webm: 4f35f7cbe854078d1ac9338744f61a02 -> 
  custom:container-demuxer-ogg: 62fdf1f143b41e24485cea50d1cbac27 -> 
  custom:video-encoder-webm-vp8: eb34c28f22e8b96e1ab97ce403110664 -> 
  custom:video-codec-MediaFoundation-h265: 746d11721c4dcdbdad8f713fa42b33f4 -> 
  custom:video-decoder-webm-vp8: 9c59270c3fd7afecdb556c50c9e8de78 -> 
  custom:audio-decoder-ogg-vorbis: bf7c407c2cedff20999df2af8eb42d56 -> 
  custom:audio-encoder-webm-vorbis: bf7c407c2cedff20999df2af8eb42d56 -> 
========================================================================
Received Import Request.
  Time since last request: 250.090082 seconds.
  path: Assets/scripts
  artifactKey: Guid(dc45c23ad7c44dc4b99d423a49dedf6e) Importer(815301076,1909f56bfc062723c751e8b465ee728b)
Start importing Assets/scripts using Guid(dc45c23ad7c44dc4b99d423a49dedf6e) Importer(815301076,1909f56bfc062723c751e8b465ee728b)  -> (artifact id: '7410bdbb3d7c39efb5b9b5117c40ec0e') in 0.009802 seconds 
  Import took 0.012814 seconds .

========================================================================
Received Import Request.
  Time since last request: 16.376661 seconds.
  path: Assets/scripts/NewBehaviourScript.cs
  artifactKey: Guid(402a5e760694ce5468bde418a0124eaa) Importer(815301076,1909f56bfc062723c751e8b465ee728b)
Start importing Assets/scripts/NewBehaviourScript.cs using Guid(402a5e760694ce5468bde418a0124eaa) Importer(815301076,1909f56bfc062723c751e8b465ee728b)  -> (artifact id: '9a9dbb0b64af784cbf3fe2ce7bf14f7c') in 0.012002 seconds 
  Import took 0.015285 seconds .

========================================================================
Received Prepare
Registering precompiled user dll's ...
Registered in 0.002074 seconds.
Begin MonoManager ReloadAssembly
Native extension for WindowsStandalone target not found
Native extension for WebGL target not found
Refreshing native plugins compatible for Editor in 0.51 ms, found 3 plugins.
Preloading 0 native plugins for Editor in 0.00 ms.
Mono: successfully reloaded assembly
- Completed reload, in  0.984 seconds
Domain Reload Profiling:
	ReloadAssembly (984ms)
		BeginReloadAssembly (84ms)
			ExecutionOrderSort (0ms)
			DisableScriptedObjects (5ms)
			BackupInstance (0ms)
			ReleaseScriptingObjects (0ms)
			CreateAndSetChildDomain (28ms)
		EndReloadAssembly (845ms)
			LoadAssemblies (73ms)
			RebuildTransferFunctionScriptingTraits (0ms)
			SetupTypeCache (288ms)
			ReleaseScriptCaches (1ms)
			RebuildScriptCaches (41ms)
			SetupLoadedEditorAssemblies (340ms)
				LogAssemblyErrors (0ms)
				InitializePlatformSupportModulesInManaged (5ms)
				SetLoadedEditorAssemblies (0ms)
				RefreshPlugins (1ms)
				BeforeProcessingInitializeOnLoad (53ms)
				ProcessInitializeOnLoadAttributes (273ms)
				ProcessInitializeOnLoadMethodAttributes (5ms)
				AfterProcessingInitializeOnLoad (2ms)
				EditorAssembliesLoaded (0ms)
			ExecutionOrderSort2 (0ms)
			AwakeInstancesAfterBackupRestoration (11ms)
Platform modules already initialized, skipping
Refreshing native plugins compatible for Editor in 0.51 ms, found 3 plugins.
Preloading 0 native plugins for Editor in 0.00 ms.
Unloading 2082 Unused Serialized files (Serialized files now loaded: 0)
System memory in use before: 95.6 MB.
System memory in use after: 95.7 MB.

Unloading 16 unused Assets to reduce memory usage. Loaded Objects now: 2556.
Total: 3.230300 ms (FindLiveObjects: 0.503700 ms CreateObjectMapping: 0.104100 ms MarkObjects: 2.600600 ms  DeleteObjects: 0.018900 ms)

AssetImportParameters requested are different than current active one (requested -> active):
  custom:framework-win-MediaFoundation: 216162199b28c13a410421893ffa2e32 -> 
  custom:video-decoder-ogg-theora: a1e56fd34408186e4bbccfd4996cb3dc -> 
  custom:container-muxer-webm: aa71ff27fc2769a1b78a27578f13a17b -> 
  custom:container-demuxer-webm: 4f35f7cbe854078d1ac9338744f61a02 -> 
  custom:container-demuxer-ogg: 62fdf1f143b41e24485cea50d1cbac27 -> 
  custom:video-encoder-webm-vp8: eb34c28f22e8b96e1ab97ce403110664 -> 
  custom:video-codec-MediaFoundation-h265: 746d11721c4dcdbdad8f713fa42b33f4 -> 
  custom:video-decoder-webm-vp8: 9c59270c3fd7afecdb556c50c9e8de78 -> 
  custom:audio-decoder-ogg-vorbis: bf7c407c2cedff20999df2af8eb42d56 -> 
  custom:audio-encoder-webm-vorbis: bf7c407c2cedff20999df2af8eb42d56 -> 
========================================================================
Received Import Request.
  Time since last request: 26.562234 seconds.
  path: Assets/scripts/personaje.cs
  artifactKey: Guid(402a5e760694ce5468bde418a0124eaa) Importer(815301076,1909f56bfc062723c751e8b465ee728b)
Start importing Assets/scripts/personaje.cs using Guid(402a5e760694ce5468bde418a0124eaa) Importer(815301076,1909f56bfc062723c751e8b465ee728b)  -> (artifact id: '03479740c9bcbac72f0f26ec23773dca') in 0.006237 seconds 
  Import took 0.009955 seconds .

========================================================================
Received Import Request.
  Time since last request: 0.001937 seconds.
  path: Assets/scripts/personaje.cs
  artifactKey: Guid(402a5e760694ce5468bde418a0124eaa) Importer(815301076,1909f56bfc062723c751e8b465ee728b)
Start importing Assets/scripts/personaje.cs using Guid(402a5e760694ce5468bde418a0124eaa) Importer(815301076,1909f56bfc062723c751e8b465ee728b)  -> (artifact id: '03479740c9bcbac72f0f26ec23773dca') in 0.002518 seconds 
  Import took 0.005574 seconds .

========================================================================
Received Prepare
Registering precompiled user dll's ...
Registered in 0.002175 seconds.
Begin MonoManager ReloadAssembly
Native extension for WindowsStandalone target not found
Native extension for WebGL target not found
Refreshing native plugins compatible for Editor in 0.38 ms, found 3 plugins.
Preloading 0 native plugins for Editor in 0.00 ms.
Mono: successfully reloaded assembly
- Completed reload, in  0.970 seconds
Domain Reload Profiling:
	ReloadAssembly (970ms)
		BeginReloadAssembly (102ms)
			ExecutionOrderSort (0ms)
			DisableScriptedObjects (6ms)
			BackupInstance (0ms)
			ReleaseScriptingObjects (0ms)
			CreateAndSetChildDomain (36ms)
		EndReloadAssembly (810ms)
			LoadAssemblies (84ms)
			RebuildTransferFunctionScriptingTraits (0ms)
			SetupTypeCache (292ms)
			ReleaseScriptCaches (1ms)
			RebuildScriptCaches (39ms)
			SetupLoadedEditorAssemblies (305ms)
				LogAssemblyErrors (0ms)
				InitializePlatformSupportModulesInManaged (5ms)
				SetLoadedEditorAssemblies (0ms)
				RefreshPlugins (0ms)
				BeforeProcessingInitializeOnLoad (50ms)
				ProcessInitializeOnLoadAttributes (243ms)
				ProcessInitializeOnLoadMethodAttributes (5ms)
				AfterProcessingInitializeOnLoad (2ms)
				EditorAssembliesLoaded (0ms)
			ExecutionOrderSort2 (0ms)
			AwakeInstancesAfterBackupRestoration (9ms)
Platform modules already initialized, skipping
Refreshing native plugins compatible for Editor in 0.39 ms, found 3 plugins.
Preloading 0 native plugins for Editor in 0.00 ms.
Unloading 2082 Unused Serialized files (Serialized files now loaded: 0)
System memory in use before: 95.6 MB.
System memory in use after: 95.7 MB.

Unloading 16 unused Assets to reduce memory usage. Loaded Objects now: 2559.
Total: 2.546400 ms (FindLiveObjects: 0.225000 ms CreateObjectMapping: 0.086000 ms MarkObjects: 2.220900 ms  DeleteObjects: 0.013800 ms)

AssetImportParameters requested are different than current active one (requested -> active):
  custom:framework-win-MediaFoundation: 216162199b28c13a410421893ffa2e32 -> 
  custom:video-decoder-ogg-theora: a1e56fd34408186e4bbccfd4996cb3dc -> 
  custom:container-muxer-webm: aa71ff27fc2769a1b78a27578f13a17b -> 
  custom:container-demuxer-webm: 4f35f7cbe854078d1ac9338744f61a02 -> 
  custom:container-demuxer-ogg: 62fdf1f143b41e24485cea50d1cbac27 -> 
  custom:video-encoder-webm-vp8: eb34c28f22e8b96e1ab97ce403110664 -> 
  custom:video-codec-MediaFoundation-h265: 746d11721c4dcdbdad8f713fa42b33f4 -> 
  custom:video-decoder-webm-vp8: 9c59270c3fd7afecdb556c50c9e8de78 -> 
  custom:audio-decoder-ogg-vorbis: bf7c407c2cedff20999df2af8eb42d56 -> 
  custom:audio-encoder-webm-vorbis: bf7c407c2cedff20999df2af8eb42d56 -> 
========================================================================
Received Import Request.
  Time since last request: 14.516195 seconds.
  path: Assets/scripts/PersonajeControler.cs
  artifactKey: Guid(402a5e760694ce5468bde418a0124eaa) Importer(815301076,1909f56bfc062723c751e8b465ee728b)
Start importing Assets/scripts/PersonajeControler.cs using Guid(402a5e760694ce5468bde418a0124eaa) Importer(815301076,1909f56bfc062723c751e8b465ee728b)  -> (artifact id: '2c05e042cf7a3d9211c249a3d9bddfd6') in 0.010339 seconds 
  Import took 0.014954 seconds .

========================================================================
Received Prepare
Registering precompiled user dll's ...
Registered in 0.002132 seconds.
Begin MonoManager ReloadAssembly
Native extension for WindowsStandalone target not found
Native extension for WebGL target not found
Refreshing native plugins compatible for Editor in 0.71 ms, found 3 plugins.
Preloading 0 native plugins for Editor in 0.00 ms.
Mono: successfully reloaded assembly
- Completed reload, in  1.010 seconds
Domain Reload Profiling:
	ReloadAssembly (1011ms)
		BeginReloadAssembly (101ms)
			ExecutionOrderSort (0ms)
			DisableScriptedObjects (6ms)
			BackupInstance (0ms)
			ReleaseScriptingObjects (0ms)
			CreateAndSetChildDomain (37ms)
		EndReloadAssembly (856ms)
			LoadAssemblies (82ms)
			RebuildTransferFunctionScriptingTraits (0ms)
			SetupTypeCache (279ms)
			ReleaseScriptCaches (1ms)
			RebuildScriptCaches (40ms)
			SetupLoadedEditorAssemblies (351ms)
				LogAssemblyErrors (0ms)
				InitializePlatformSupportModulesInManaged (5ms)
				SetLoadedEditorAssemblies (0ms)
				RefreshPlugins (1ms)
				BeforeProcessingInitializeOnLoad (56ms)
				ProcessInitializeOnLoadAttributes (282ms)
				ProcessInitializeOnLoadMethodAttributes (5ms)
				AfterProcessingInitializeOnLoad (2ms)
				EditorAssembliesLoaded (0ms)
			ExecutionOrderSort2 (0ms)
			AwakeInstancesAfterBackupRestoration (11ms)
Platform modules already initialized, skipping
Refreshing native plugins compatible for Editor in 0.39 ms, found 3 plugins.
Preloading 0 native plugins for Editor in 0.00 ms.
Unloading 2082 Unused Serialized files (Serialized files now loaded: 0)
System memory in use before: 95.6 MB.
System memory in use after: 95.7 MB.

Unloading 16 unused Assets to reduce memory usage. Loaded Objects now: 2562.
Total: 3.099000 ms (FindLiveObjects: 0.209800 ms CreateObjectMapping: 0.092700 ms MarkObjects: 2.777600 ms  DeleteObjects: 0.018000 ms)

AssetImportParameters requested are different than current active one (requested -> active):
  custom:framework-win-MediaFoundation: 216162199b28c13a410421893ffa2e32 -> 
  custom:video-decoder-ogg-theora: a1e56fd34408186e4bbccfd4996cb3dc -> 
  custom:container-muxer-webm: aa71ff27fc2769a1b78a27578f13a17b -> 
  custom:container-demuxer-webm: 4f35f7cbe854078d1ac9338744f61a02 -> 
  custom:container-demuxer-ogg: 62fdf1f143b41e24485cea50d1cbac27 -> 
  custom:video-encoder-webm-vp8: eb34c28f22e8b96e1ab97ce403110664 -> 
  custom:video-codec-MediaFoundation-h265: 746d11721c4dcdbdad8f713fa42b33f4 -> 
  custom:video-decoder-webm-vp8: 9c59270c3fd7afecdb556c50c9e8de78 -> 
  custom:audio-decoder-ogg-vorbis: bf7c407c2cedff20999df2af8eb42d56 -> 
  custom:audio-encoder-webm-vorbis: bf7c407c2cedff20999df2af8eb42d56 -> 
========================================================================
Received Prepare
Registering precompiled user dll's ...
Registered in 0.001921 seconds.
Begin MonoManager ReloadAssembly
Native extension for WindowsStandalone target not found
Native extension for WebGL target not found
Refreshing native plugins compatible for Editor in 0.39 ms, found 3 plugins.
Preloading 0 native plugins for Editor in 0.00 ms.
Mono: successfully reloaded assembly
- Completed reload, in  0.841 seconds
Domain Reload Profiling:
	ReloadAssembly (842ms)
		BeginReloadAssembly (85ms)
			ExecutionOrderSort (0ms)
			DisableScriptedObjects (6ms)
			BackupInstance (0ms)
			ReleaseScriptingObjects (0ms)
			CreateAndSetChildDomain (27ms)
		EndReloadAssembly (709ms)
			LoadAssemblies (68ms)
			RebuildTransferFunctionScriptingTraits (0ms)
			SetupTypeCache (237ms)
			ReleaseScriptCaches (1ms)
			RebuildScriptCaches (37ms)
			SetupLoadedEditorAssemblies (278ms)
				LogAssemblyErrors (0ms)
				InitializePlatformSupportModulesInManaged (5ms)
				SetLoadedEditorAssemblies (0ms)
				RefreshPlugins (0ms)
				BeforeProcessingInitializeOnLoad (45ms)
				ProcessInitializeOnLoadAttributes (221ms)
				ProcessInitializeOnLoadMethodAttributes (4ms)
				AfterProcessingInitializeOnLoad (2ms)
				EditorAssembliesLoaded (0ms)
			ExecutionOrderSort2 (0ms)
			AwakeInstancesAfterBackupRestoration (9ms)
Platform modules already initialized, skipping
Refreshing native plugins compatible for Editor in 0.38 ms, found 3 plugins.
Preloading 0 native plugins for Editor in 0.00 ms.
Unloading 2081 Unused Serialized files (Serialized files now loaded: 0)
System memory in use before: 95.6 MB.
System memory in use after: 95.7 MB.

Unloading 17 unused Assets to reduce memory usage. Loaded Objects now: 2564.
Total: 2.662100 ms (FindLiveObjects: 0.166700 ms CreateObjectMapping: 0.071200 ms MarkObjects: 2.408700 ms  DeleteObjects: 0.014700 ms)

AssetImportParameters requested are different than current active one (requested -> active):
  custom:framework-win-MediaFoundation: 216162199b28c13a410421893ffa2e32 -> 
  custom:video-decoder-ogg-theora: a1e56fd34408186e4bbccfd4996cb3dc -> 
  custom:container-muxer-webm: aa71ff27fc2769a1b78a27578f13a17b -> 
  custom:container-demuxer-webm: 4f35f7cbe854078d1ac9338744f61a02 -> 
  custom:container-demuxer-ogg: 62fdf1f143b41e24485cea50d1cbac27 -> 
  custom:video-encoder-webm-vp8: eb34c28f22e8b96e1ab97ce403110664 -> 
  custom:video-codec-MediaFoundation-h265: 746d11721c4dcdbdad8f713fa42b33f4 -> 
  custom:video-decoder-webm-vp8: 9c59270c3fd7afecdb556c50c9e8de78 -> 
  custom:audio-decoder-ogg-vorbis: bf7c407c2cedff20999df2af8eb42d56 -> 
  custom:audio-encoder-webm-vorbis: bf7c407c2cedff20999df2af8eb42d56 -> 
========================================================================
Received Import Request.
  Time since last request: 1407.775130 seconds.
  path: Assets/scripts/PerControler.cs
  artifactKey: Guid(c0b3241d62926494f8c36110e6d00e67) Importer(815301076,1909f56bfc062723c751e8b465ee728b)
Start importing Assets/scripts/PerControler.cs using Guid(c0b3241d62926494f8c36110e6d00e67) Importer(815301076,1909f56bfc062723c751e8b465ee728b)  -> (artifact id: '9255a2271be702e586658aa301916ebb') in 0.009087 seconds 
  Import took 0.012850 seconds .

========================================================================
Received Import Request.
  Time since last request: 0.001256 seconds.
  path: Assets/scripts/PerControler.cs
  artifactKey: Guid(c0b3241d62926494f8c36110e6d00e67) Importer(815301076,1909f56bfc062723c751e8b465ee728b)
Start importing Assets/scripts/PerControler.cs using Guid(c0b3241d62926494f8c36110e6d00e67) Importer(815301076,1909f56bfc062723c751e8b465ee728b)  -> (artifact id: '9255a2271be702e586658aa301916ebb') in 0.001939 seconds 
  Import took 0.005407 seconds .

========================================================================
Received Prepare
Registering precompiled user dll's ...
Registered in 0.002057 seconds.
Begin MonoManager ReloadAssembly
Native extension for WindowsStandalone target not found
Native extension for WebGL target not found
Refreshing native plugins compatible for Editor in 0.52 ms, found 3 plugins.
Preloading 0 native plugins for Editor in 0.00 ms.
Mono: successfully reloaded assembly
- Completed reload, in  0.945 seconds
Domain Reload Profiling:
	ReloadAssembly (945ms)
		BeginReloadAssembly (84ms)
			ExecutionOrderSort (0ms)
			DisableScriptedObjects (5ms)
			BackupInstance (0ms)
			ReleaseScriptingObjects (0ms)
			CreateAndSetChildDomain (27ms)
		EndReloadAssembly (815ms)
			LoadAssemblies (67ms)
			RebuildTransferFunctionScriptingTraits (0ms)
			SetupTypeCache (297ms)
			ReleaseScriptCaches (1ms)
			RebuildScriptCaches (43ms)
			SetupLoadedEditorAssemblies (302ms)
				LogAssemblyErrors (0ms)
				InitializePlatformSupportModulesInManaged (7ms)
				SetLoadedEditorAssemblies (0ms)
				RefreshPlugins (1ms)
				BeforeProcessingInitializeOnLoad (48ms)
				ProcessInitializeOnLoadAttributes (240ms)
				ProcessInitializeOnLoadMethodAttributes (4ms)
				AfterProcessingInitializeOnLoad (2ms)
				EditorAssembliesLoaded (0ms)
			ExecutionOrderSort2 (0ms)
			AwakeInstancesAfterBackupRestoration (9ms)
Platform modules already initialized, skipping
Refreshing native plugins compatible for Editor in 0.41 ms, found 3 plugins.
Preloading 0 native plugins for Editor in 0.00 ms.
Unloading 2082 Unused Serialized files (Serialized files now loaded: 0)
System memory in use before: 95.6 MB.
System memory in use after: 95.8 MB.

Unloading 16 unused Assets to reduce memory usage. Loaded Objects now: 2568.
Total: 2.601500 ms (FindLiveObjects: 0.159300 ms CreateObjectMapping: 0.065900 ms MarkObjects: 2.361200 ms  DeleteObjects: 0.014100 ms)

AssetImportParameters requested are different than current active one (requested -> active):
  custom:framework-win-MediaFoundation: 216162199b28c13a410421893ffa2e32 -> 
  custom:video-decoder-ogg-theora: a1e56fd34408186e4bbccfd4996cb3dc -> 
  custom:container-muxer-webm: aa71ff27fc2769a1b78a27578f13a17b -> 
  custom:container-demuxer-webm: 4f35f7cbe854078d1ac9338744f61a02 -> 
  custom:container-demuxer-ogg: 62fdf1f143b41e24485cea50d1cbac27 -> 
  custom:video-encoder-webm-vp8: eb34c28f22e8b96e1ab97ce403110664 -> 
  custom:video-codec-MediaFoundation-h265: 746d11721c4dcdbdad8f713fa42b33f4 -> 
  custom:video-decoder-webm-vp8: 9c59270c3fd7afecdb556c50c9e8de78 -> 
  custom:audio-decoder-ogg-vorbis: bf7c407c2cedff20999df2af8eb42d56 -> 
  custom:audio-encoder-webm-vorbis: bf7c407c2cedff20999df2af8eb42d56 -> 
========================================================================
Received Import Request.
  Time since last request: 857.539180 seconds.
  path: Assets/animacion/personaje.anim
  artifactKey: Guid(97ed5be4f58df3d4b8a82dee47672961) Importer(815301076,1909f56bfc062723c751e8b465ee728b)
Start importing Assets/animacion/personaje.anim using Guid(97ed5be4f58df3d4b8a82dee47672961) Importer(815301076,1909f56bfc062723c751e8b465ee728b)  -> (artifact id: '70b0d1c99bbf4782d32f133334f3a32e') in 0.014396 seconds 
  Import took 0.018229 seconds .

========================================================================
Received Prepare
Registering precompiled user dll's ...
Registered in 0.001967 seconds.
Begin MonoManager ReloadAssembly
Native extension for WindowsStandalone target not found
Native extension for WebGL target not found
Refreshing native plugins compatible for Editor in 0.40 ms, found 3 plugins.
Preloading 0 native plugins for Editor in 0.00 ms.
Mono: successfully reloaded assembly
- Completed reload, in  0.834 seconds
Domain Reload Profiling:
	ReloadAssembly (834ms)
		BeginReloadAssembly (87ms)
			ExecutionOrderSort (0ms)
			DisableScriptedObjects (5ms)
			BackupInstance (0ms)
			ReleaseScriptingObjects (0ms)
			CreateAndSetChildDomain (30ms)
		EndReloadAssembly (700ms)
			LoadAssemblies (68ms)
			RebuildTransferFunctionScriptingTraits (0ms)
			SetupTypeCache (235ms)
			ReleaseScriptCaches (1ms)
			RebuildScriptCaches (34ms)
			SetupLoadedEditorAssemblies (278ms)
				LogAssemblyErrors (0ms)
				InitializePlatformSupportModulesInManaged (5ms)
				SetLoadedEditorAssemblies (0ms)
				RefreshPlugins (0ms)
				BeforeProcessingInitializeOnLoad (43ms)
				ProcessInitializeOnLoadAttributes (223ms)
				ProcessInitializeOnLoadMethodAttributes (4ms)
				AfterProcessingInitializeOnLoad (2ms)
				EditorAssembliesLoaded (0ms)
			ExecutionOrderSort2 (0ms)
			AwakeInstancesAfterBackupRestoration (9ms)
Platform modules already initialized, skipping
Refreshing native plugins compatible for Editor in 0.38 ms, found 3 plugins.
Preloading 0 native plugins for Editor in 0.00 ms.
Unloading 2082 Unused Serialized files (Serialized files now loaded: 0)
System memory in use before: 95.6 MB.
System memory in use after: 95.8 MB.

Unloading 16 unused Assets to reduce memory usage. Loaded Objects now: 2571.
Total: 2.521600 ms (FindLiveObjects: 0.192200 ms CreateObjectMapping: 0.082000 ms MarkObjects: 2.231100 ms  DeleteObjects: 0.015700 ms)

AssetImportParameters requested are different than current active one (requested -> active):
  custom:framework-win-MediaFoundation: 216162199b28c13a410421893ffa2e32 -> 
  custom:video-decoder-ogg-theora: a1e56fd34408186e4bbccfd4996cb3dc -> 
  custom:container-muxer-webm: aa71ff27fc2769a1b78a27578f13a17b -> 
  custom:container-demuxer-webm: 4f35f7cbe854078d1ac9338744f61a02 -> 
  custom:container-demuxer-ogg: 62fdf1f143b41e24485cea50d1cbac27 -> 
  custom:video-encoder-webm-vp8: eb34c28f22e8b96e1ab97ce403110664 -> 
  custom:video-codec-MediaFoundation-h265: 746d11721c4dcdbdad8f713fa42b33f4 -> 
  custom:video-decoder-webm-vp8: 9c59270c3fd7afecdb556c50c9e8de78 -> 
  custom:audio-decoder-ogg-vorbis: bf7c407c2cedff20999df2af8eb42d56 -> 
  custom:audio-encoder-webm-vorbis: bf7c407c2cedff20999df2af8eb42d56 -> 
========================================================================
Received Import Request.
  Time since last request: 819.465084 seconds.
  path: Assets/scripts/PerControler.cs
  artifactKey: Guid(c0b3241d62926494f8c36110e6d00e67) Importer(815301076,1909f56bfc062723c751e8b465ee728b)
Start importing Assets/scripts/PerControler.cs using Guid(c0b3241d62926494f8c36110e6d00e67) Importer(815301076,1909f56bfc062723c751e8b465ee728b)  -> (artifact id: 'aa1a0c27f0777e5715da6a1c1c4aff1b') in 0.003792 seconds 
  Import took 0.007024 seconds .

========================================================================
Received Import Request.
  Time since last request: 0.001300 seconds.
  path: Assets/scripts/PerControler.cs
  artifactKey: Guid(c0b3241d62926494f8c36110e6d00e67) Importer(815301076,1909f56bfc062723c751e8b465ee728b)
Start importing Assets/scripts/PerControler.cs using Guid(c0b3241d62926494f8c36110e6d00e67) Importer(815301076,1909f56bfc062723c751e8b465ee728b)  -> (artifact id: 'aa1a0c27f0777e5715da6a1c1c4aff1b') in 0.001516 seconds 
  Import took 0.004558 seconds .

========================================================================
Received Prepare
Registering precompiled user dll's ...
Registered in 0.002036 seconds.
Begin MonoManager ReloadAssembly
Native extension for WindowsStandalone target not found
Native extension for WebGL target not found
Refreshing native plugins compatible for Editor in 0.44 ms, found 3 plugins.
Preloading 0 native plugins for Editor in 0.00 ms.
Mono: successfully reloaded assembly
- Completed reload, in  0.847 seconds
Domain Reload Profiling:
	ReloadAssembly (847ms)
		BeginReloadAssembly (84ms)
			ExecutionOrderSort (0ms)
			DisableScriptedObjects (6ms)
			BackupInstance (0ms)
			ReleaseScriptingObjects (0ms)
			CreateAndSetChildDomain (28ms)
		EndReloadAssembly (714ms)
			LoadAssemblies (79ms)
			RebuildTransferFunctionScriptingTraits (0ms)
			SetupTypeCache (240ms)
			ReleaseScriptCaches (1ms)
			RebuildScriptCaches (35ms)
			SetupLoadedEditorAssemblies (273ms)
				LogAssemblyErrors (0ms)
				InitializePlatformSupportModulesInManaged (5ms)
				SetLoadedEditorAssemblies (0ms)
				RefreshPlugins (0ms)
				BeforeProcessingInitializeOnLoad (44ms)
				ProcessInitializeOnLoadAttributes (217ms)
				ProcessInitializeOnLoadMethodAttributes (4ms)
				AfterProcessingInitializeOnLoad (2ms)
				EditorAssembliesLoaded (0ms)
			ExecutionOrderSort2 (0ms)
			AwakeInstancesAfterBackupRestoration (9ms)
Platform modules already initialized, skipping
Refreshing native plugins compatible for Editor in 0.38 ms, found 3 plugins.
Preloading 0 native plugins for Editor in 0.00 ms.
Unloading 2082 Unused Serialized files (Serialized files now loaded: 0)
System memory in use before: 95.7 MB.
System memory in use after: 95.8 MB.

Unloading 16 unused Assets to reduce memory usage. Loaded Objects now: 2574.
Total: 2.387400 ms (FindLiveObjects: 0.151600 ms CreateObjectMapping: 0.061500 ms MarkObjects: 2.159700 ms  DeleteObjects: 0.014100 ms)

AssetImportParameters requested are different than current active one (requested -> active):
  custom:framework-win-MediaFoundation: 216162199b28c13a410421893ffa2e32 -> 
  custom:video-decoder-ogg-theora: a1e56fd34408186e4bbccfd4996cb3dc -> 
  custom:container-muxer-webm: aa71ff27fc2769a1b78a27578f13a17b -> 
  custom:container-demuxer-webm: 4f35f7cbe854078d1ac9338744f61a02 -> 
  custom:container-demuxer-ogg: 62fdf1f143b41e24485cea50d1cbac27 -> 
  custom:video-encoder-webm-vp8: eb34c28f22e8b96e1ab97ce403110664 -> 
  custom:video-codec-MediaFoundation-h265: 746d11721c4dcdbdad8f713fa42b33f4 -> 
  custom:video-decoder-webm-vp8: 9c59270c3fd7afecdb556c50c9e8de78 -> 
  custom:audio-decoder-ogg-vorbis: bf7c407c2cedff20999df2af8eb42d56 -> 
  custom:audio-encoder-webm-vorbis: bf7c407c2cedff20999df2af8eb42d56 -> 
========================================================================
Received Prepare
Registering precompiled user dll's ...
Registered in 0.002284 seconds.
Begin MonoManager ReloadAssembly
Native extension for WindowsStandalone target not found
Native extension for WebGL target not found
Refreshing native plugins compatible for Editor in 0.39 ms, found 3 plugins.
Preloading 0 native plugins for Editor in 0.00 ms.
Mono: successfully reloaded assembly
- Completed reload, in  0.811 seconds
Domain Reload Profiling:
	ReloadAssembly (811ms)
		BeginReloadAssembly (82ms)
			ExecutionOrderSort (0ms)
			DisableScriptedObjects (5ms)
			BackupInstance (0ms)
			ReleaseScriptingObjects (0ms)
			CreateAndSetChildDomain (25ms)
		EndReloadAssembly (684ms)
			LoadAssemblies (66ms)
			RebuildTransferFunctionScriptingTraits (0ms)
			SetupTypeCache (223ms)
			ReleaseScriptCaches (1ms)
			RebuildScriptCaches (35ms)
			SetupLoadedEditorAssemblies (277ms)
				LogAssemblyErrors (0ms)
				InitializePlatformSupportModulesInManaged (5ms)
				SetLoadedEditorAssemblies (0ms)
				RefreshPlugins (0ms)
				BeforeProcessingInitializeOnLoad (45ms)
				ProcessInitializeOnLoadAttributes (221ms)
				ProcessInitializeOnLoadMethodAttributes (4ms)
				AfterProcessingInitializeOnLoad (2ms)
				EditorAssembliesLoaded (0ms)
			ExecutionOrderSort2 (0ms)
			AwakeInstancesAfterBackupRestoration (9ms)
Platform modules already initialized, skipping
Refreshing native plugins compatible for Editor in 0.35 ms, found 3 plugins.
Preloading 0 native plugins for Editor in 0.00 ms.
Unloading 2082 Unused Serialized files (Serialized files now loaded: 0)
System memory in use before: 95.7 MB.
System memory in use after: 95.8 MB.

Unloading 16 unused Assets to reduce memory usage. Loaded Objects now: 2577.
Total: 2.577600 ms (FindLiveObjects: 0.164700 ms CreateObjectMapping: 0.054600 ms MarkObjects: 2.345500 ms  DeleteObjects: 0.012200 ms)

AssetImportParameters requested are different than current active one (requested -> active):
  custom:framework-win-MediaFoundation: 216162199b28c13a410421893ffa2e32 -> 
  custom:video-decoder-ogg-theora: a1e56fd34408186e4bbccfd4996cb3dc -> 
  custom:container-muxer-webm: aa71ff27fc2769a1b78a27578f13a17b -> 
  custom:container-demuxer-webm: 4f35f7cbe854078d1ac9338744f61a02 -> 
  custom:container-demuxer-ogg: 62fdf1f143b41e24485cea50d1cbac27 -> 
  custom:video-encoder-webm-vp8: eb34c28f22e8b96e1ab97ce403110664 -> 
  custom:video-codec-MediaFoundation-h265: 746d11721c4dcdbdad8f713fa42b33f4 -> 
  custom:video-decoder-webm-vp8: 9c59270c3fd7afecdb556c50c9e8de78 -> 
  custom:audio-decoder-ogg-vorbis: bf7c407c2cedff20999df2af8eb42d56 -> 
  custom:audio-encoder-webm-vorbis: bf7c407c2cedff20999df2af8eb42d56 -> 
========================================================================
Received Prepare
Registering precompiled user dll's ...
Registered in 0.002180 seconds.
Begin MonoManager ReloadAssembly
Native extension for WindowsStandalone target not found
Native extension for WebGL target not found
Refreshing native plugins compatible for Editor in 0.40 ms, found 3 plugins.
Preloading 0 native plugins for Editor in 0.00 ms.
Mono: successfully reloaded assembly
- Completed reload, in  0.831 seconds
Domain Reload Profiling:
	ReloadAssembly (831ms)
		BeginReloadAssembly (84ms)
			ExecutionOrderSort (0ms)
			DisableScriptedObjects (5ms)
			BackupInstance (0ms)
			ReleaseScriptingObjects (0ms)
			CreateAndSetChildDomain (28ms)
		EndReloadAssembly (702ms)
			LoadAssemblies (67ms)
			RebuildTransferFunctionScriptingTraits (0ms)
			SetupTypeCache (221ms)
			ReleaseScriptCaches (1ms)
			RebuildScriptCaches (36ms)
			SetupLoadedEditorAssemblies (294ms)
				LogAssemblyErrors (0ms)
				InitializePlatformSupportModulesInManaged (5ms)
				SetLoadedEditorAssemblies (0ms)
				RefreshPlugins (0ms)
				BeforeProcessingInitializeOnLoad (46ms)
				ProcessInitializeOnLoadAttributes (236ms)
				ProcessInitializeOnLoadMethodAttributes (4ms)
				AfterProcessingInitializeOnLoad (2ms)
				EditorAssembliesLoaded (0ms)
			ExecutionOrderSort2 (0ms)
			AwakeInstancesAfterBackupRestoration (9ms)
Platform modules already initialized, skipping
Refreshing native plugins compatible for Editor in 0.46 ms, found 3 plugins.
Preloading 0 native plugins for Editor in 0.00 ms.
Unloading 2082 Unused Serialized files (Serialized files now loaded: 0)
System memory in use before: 95.7 MB.
System memory in use after: 95.8 MB.

Unloading 16 unused Assets to reduce memory usage. Loaded Objects now: 2580.
Total: 2.641600 ms (FindLiveObjects: 0.177700 ms CreateObjectMapping: 0.060200 ms MarkObjects: 2.385600 ms  DeleteObjects: 0.017400 ms)

AssetImportParameters requested are different than current active one (requested -> active):
  custom:framework-win-MediaFoundation: 216162199b28c13a410421893ffa2e32 -> 
  custom:video-decoder-ogg-theora: a1e56fd34408186e4bbccfd4996cb3dc -> 
  custom:container-muxer-webm: aa71ff27fc2769a1b78a27578f13a17b -> 
  custom:container-demuxer-webm: 4f35f7cbe854078d1ac9338744f61a02 -> 
  custom:container-demuxer-ogg: 62fdf1f143b41e24485cea50d1cbac27 -> 
  custom:video-encoder-webm-vp8: eb34c28f22e8b96e1ab97ce403110664 -> 
  custom:video-codec-MediaFoundation-h265: 746d11721c4dcdbdad8f713fa42b33f4 -> 
  custom:video-decoder-webm-vp8: 9c59270c3fd7afecdb556c50c9e8de78 -> 
  custom:audio-decoder-ogg-vorbis: bf7c407c2cedff20999df2af8eb42d56 -> 
  custom:audio-encoder-webm-vorbis: bf7c407c2cedff20999df2af8eb42d56 -> 
========================================================================
Received Prepare
Registering precompiled user dll's ...
Registered in 0.001937 seconds.
Begin MonoManager ReloadAssembly
Native extension for WindowsStandalone target not found
Native extension for WebGL target not found
Refreshing native plugins compatible for Editor in 0.43 ms, found 3 plugins.
Preloading 0 native plugins for Editor in 0.00 ms.
Mono: successfully reloaded assembly
- Completed reload, in  0.896 seconds
Domain Reload Profiling:
	ReloadAssembly (896ms)
		BeginReloadAssembly (98ms)
			ExecutionOrderSort (0ms)
			DisableScriptedObjects (5ms)
			BackupInstance (0ms)
			ReleaseScriptingObjects (0ms)
			CreateAndSetChildDomain (36ms)
		EndReloadAssembly (749ms)
			LoadAssemblies (73ms)
			RebuildTransferFunctionScriptingTraits (0ms)
			SetupTypeCache (236ms)
			ReleaseScriptCaches (1ms)
			RebuildScriptCaches (45ms)
			SetupLoadedEditorAssemblies (307ms)
				LogAssemblyErrors (0ms)
				InitializePlatformSupportModulesInManaged (5ms)
				SetLoadedEditorAssemblies (0ms)
				RefreshPlugins (0ms)
				BeforeProcessingInitializeOnLoad (49ms)
				ProcessInitializeOnLoadAttributes (247ms)
				ProcessInitializeOnLoadMethodAttributes (4ms)
				AfterProcessingInitializeOnLoad (2ms)
				EditorAssembliesLoaded (0ms)
			ExecutionOrderSort2 (0ms)
			AwakeInstancesAfterBackupRestoration (9ms)
Platform modules already initialized, skipping
Refreshing native plugins compatible for Editor in 0.41 ms, found 3 plugins.
Preloading 0 native plugins for Editor in 0.00 ms.
Unloading 2082 Unused Serialized files (Serialized files now loaded: 0)
System memory in use before: 95.7 MB.
System memory in use after: 95.8 MB.

Unloading 16 unused Assets to reduce memory usage. Loaded Objects now: 2583.
Total: 2.803400 ms (FindLiveObjects: 0.165300 ms CreateObjectMapping: 0.066400 ms MarkObjects: 2.515100 ms  DeleteObjects: 0.055200 ms)

AssetImportParameters requested are different than current active one (requested -> active):
  custom:framework-win-MediaFoundation: 216162199b28c13a410421893ffa2e32 -> 
  custom:video-decoder-ogg-theora: a1e56fd34408186e4bbccfd4996cb3dc -> 
  custom:container-muxer-webm: aa71ff27fc2769a1b78a27578f13a17b -> 
  custom:container-demuxer-webm: 4f35f7cbe854078d1ac9338744f61a02 -> 
  custom:container-demuxer-ogg: 62fdf1f143b41e24485cea50d1cbac27 -> 
  custom:video-encoder-webm-vp8: eb34c28f22e8b96e1ab97ce403110664 -> 
  custom:video-codec-MediaFoundation-h265: 746d11721c4dcdbdad8f713fa42b33f4 -> 
  custom:video-decoder-webm-vp8: 9c59270c3fd7afecdb556c50c9e8de78 -> 
  custom:audio-decoder-ogg-vorbis: bf7c407c2cedff20999df2af8eb42d56 -> 
  custom:audio-encoder-webm-vorbis: bf7c407c2cedff20999df2af8eb42d56 -> 
AssetImportWorkerClient::OnTransportError - code=2 error=End of file
